<?xml version="1.0" encoding="UTF-8"?>
<!-- Generated by org.testng.reporters.JUnitReportReporter -->
<testsuite skipped="0" hostname="laddu" name="project_saaho.Azax" tests="1" failures="0" timestamp="01 Aug 2019 12:47:55 GMT" time="0.109" errors="0">
  <testcase name="Googlesearch" time="0.109" classname="project_saaho.Azax"/>
</testsuite> <!-- project_saaho.Azax -->
