<?xml version="1.0" encoding="UTF-8"?>
<!-- Generated by org.testng.reporters.JUnitReportReporter -->
<testsuite skipped="0" hostname="laddu" name="project_saaho.Informationcommands" tests="1" failures="0" timestamp="05 Aug 2019 01:09:36 GMT" time="0.354" errors="0">
  <testcase name="google" time="0.354" classname="project_saaho.Informationcommands"/>
</testsuite> <!-- project_saaho.Informationcommands -->
