<?xml version="1.0" encoding="UTF-8"?>
<!-- Generated by org.testng.reporters.JUnitReportReporter -->
<testsuite skipped="0" hostname="laddu" name="ClassRoomAUG.Repository" tests="1" failures="0" timestamp="05 Aug 2019 05:00:05 GMT" time="4.063" errors="0">
  <testcase name="Login" time="4.063" classname="ClassRoomAUG.Repository"/>
</testsuite> <!-- ClassRoomAUG.Repository -->
