<?xml version="1.0" encoding="UTF-8"?>
<!-- Generated by org.testng.reporters.JUnitReportReporter -->
<testsuite skipped="0" hostname="laddu" name="project_saaho.alerttest" tests="2" failures="0" timestamp="03 Aug 2019 05:16:31 GMT" time="34.718" errors="0">
  <testcase name="alert" time="16.794" classname="project_saaho.alerttest"/>
  <testcase name="alert" time="17.924" classname="project_saaho.alerttest"/>
</testsuite> <!-- project_saaho.alerttest -->
