<?xml version="1.0" encoding="UTF-8"?>
<!-- Generated by org.testng.reporters.JUnitReportReporter -->
<testsuite skipped="0" hostname="laddu" name="project_saaho.gmail" tests="2" failures="0" timestamp="03 Aug 2019 05:16:31 GMT" time="25.276" errors="0">
  <testcase name="login" time="12.734" classname="project_saaho.gmail"/>
  <testcase name="login" time="12.542" classname="project_saaho.gmail"/>
</testsuite> <!-- project_saaho.gmail -->
