<?xml version="1.0" encoding="UTF-8"?>
<!-- Generated by org.testng.reporters.JUnitReportReporter -->
<testsuite skipped="0" hostname="laddu" name="Gridworking.GridParallelexecution" tests="2" failures="0" timestamp="03 Aug 2019 05:16:31 GMT" time="15.940" errors="0">
  <testcase name="VerifyTitlepage" time="11.472" classname="Gridworking.GridParallelexecution"/>
  <testcase name="VerifyTitlepage" time="4.468" classname="Gridworking.GridParallelexecution"/>
</testsuite> <!-- Gridworking.GridParallelexecution -->
